# JRE version: OpenJDK Runtime Environment Temurin-21.0.4+7 (21.0.4+7) (build 21.0.4+7-LTS)
# Java VM: OpenJDK 64-Bit Server VM Temurin-21.0.4+7 (21.0.4+7-LTS, mixed mode, sharing, tiered, compressed oops, compressed class ptrs, g1 gc, windows-amd64)
GC Precious Log:
 CardTable entry size: 512
 Card Set container configuration: InlinePtr #cards 5 size 8 Array Of Cards #cards 12 size 40 Howl #buckets 4 coarsen threshold 1843 Howl Bitmap #cards 512 size 80 coarsen threshold 460 Card regions per heap region 1 cards per card region 2048
 CPUs: 4 total, 4 available
 Memory: 7926M
 Large Page Support: Disabled
 NUMA Support: Disabled
 Compressed Oops: Enabled (32-bit)
 Heap Region Size: 1M
 Heap Min Capacity: 8M
 Heap Initial Capacity: 124M
 Heap Max Capacity: 1982M
 Pre-touch: Disabled
 Parallel Workers: 4
 Concurrent Workers: 1
 Concurrent Refinement Workers: 4
 Periodic GC: Disabled
Heap:
 garbage-first heap   total 156672K, used 96006K [0x0000000084200000, 0x0000000100000000)
  region size 1024K, 47 young (48128K), 0 survivors (0K)
 Metaspace       used 118551K, committed 119936K, reserved 1179648K
  class space    used 13999K, committed 14656K, reserved 1048576K
GC Heap History (20 events):
Event: 4433.980 GC heap before
{Heap before GC invocations=119 (full 12):
 garbage-first heap   total 156672K, used 139261K [0x0000000084200000, 0x0000000100000000)
  region size 1024K, 81 young (82944K), 5 survivors (5120K)
 Metaspace       used 115393K, committed 116736K, reserved 1179648K
  class space    used 13744K, committed 14400K, reserved 1048576K
}
Event: 4434.015 GC heap after
{Heap after GC invocations=120 (full 12):
 garbage-first heap   total 156672K, used 61459K [0x0000000084200000, 0x0000000100000000)
  region size 1024K, 5 young (5120K), 5 survivors (5120K)
 Metaspace       used 115393K, committed 116736K, reserved 1179648K
  class space    used 13744K, committed 14400K, reserved 1048576K
}
Event: 4539.912 GC heap before
{Heap before GC invocations=120 (full 12):
 garbage-first heap   total 156672K, used 140307K [0x0000000084200000, 0x0000000100000000)
  region size 1024K, 82 young (83968K), 5 survivors (5120K)
 Metaspace       used 115398K, committed 116736K, reserved 1179648K
  class space    used 13744K, committed 14400K, reserved 1048576K
}
Event: 4540.029 GC heap after
{Heap after GC invocations=121 (full 12):
 garbage-first heap   total 156672K, used 61274K [0x0000000084200000, 0x0000000100000000)
  region size 1024K, 4 young (4096K), 4 survivors (4096K)
 Metaspace       used 115398K, committed 116736K, reserved 1179648K
  class space    used 13744K, committed 14400K, reserved 1048576K
}
Event: 4553.253 GC heap before
{Heap before GC invocations=122 (full 12):
 garbage-first heap   total 156672K, used 70490K [0x0000000084200000, 0x0000000100000000)
  region size 1024K, 14 young (14336K), 4 survivors (4096K)
 Metaspace       used 115225K, committed 116736K, reserved 1179648K
  class space    used 13697K, committed 14400K, reserved 1048576K
}
Event: 4553.429 GC heap after
{Heap after GC invocations=123 (full 13):
 garbage-first heap   total 156672K, used 49591K [0x0000000084200000, 0x0000000100000000)
  region size 1024K, 0 young (0K), 0 survivors (0K)
 Metaspace       used 115225K, committed 116736K, reserved 1179648K
  class space    used 13697K, committed 14400K, reserved 1048576K
}
Event: 4557.886 GC heap before
{Heap before GC invocations=123 (full 13):
 garbage-first heap   total 156672K, used 141751K [0x0000000084200000, 0x0000000100000000)
  region size 1024K, 91 young (93184K), 0 survivors (0K)
 Metaspace       used 116196K, committed 117440K, reserved 1179648K
  class space    used 13800K, committed 14400K, reserved 1048576K
}
Event: 4557.918 GC heap after
{Heap after GC invocations=124 (full 13):
 garbage-first heap   total 156672K, used 58142K [0x0000000084200000, 0x0000000100000000)
  region size 1024K, 9 young (9216K), 9 survivors (9216K)
 Metaspace       used 116196K, committed 117440K, reserved 1179648K
  class space    used 13800K, committed 14400K, reserved 1048576K
}
Event: 4626.655 GC heap before
{Heap before GC invocations=125 (full 13):
 garbage-first heap   total 156672K, used 136990K [0x0000000084200000, 0x0000000100000000)
  region size 1024K, 86 young (88064K), 9 survivors (9216K)
 Metaspace       used 116692K, committed 117952K, reserved 1179648K
  class space    used 13837K, committed 14464K, reserved 1048576K
}
Event: 4626.753 GC heap after
{Heap after GC invocations=126 (full 13):
 garbage-first heap   total 156672K, used 60260K [0x0000000084200000, 0x0000000100000000)
  region size 1024K, 4 young (4096K), 4 survivors (4096K)
 Metaspace       used 116692K, committed 117952K, reserved 1179648K
  class space    used 13837K, committed 14464K, reserved 1048576K
}
Event: 4641.669 GC heap before
{Heap before GC invocations=126 (full 13):
 garbage-first heap   total 156672K, used 71524K [0x0000000084200000, 0x0000000100000000)
  region size 1024K, 16 young (16384K), 4 survivors (4096K)
 Metaspace       used 116697K, committed 117952K, reserved 1179648K
  class space    used 13838K, committed 14464K, reserved 1048576K
}
Event: 4642.259 GC heap after
{Heap after GC invocations=127 (full 14):
 garbage-first heap   total 156672K, used 50182K [0x0000000084200000, 0x0000000100000000)
  region size 1024K, 0 young (0K), 0 survivors (0K)
 Metaspace       used 116677K, committed 117952K, reserved 1179648K
  class space    used 13837K, committed 14464K, reserved 1048576K
}
Event: 4653.052 GC heap before
{Heap before GC invocations=127 (full 14):
 garbage-first heap   total 156672K, used 141318K [0x0000000084200000, 0x0000000100000000)
  region size 1024K, 90 young (92160K), 0 survivors (0K)
 Metaspace       used 117571K, committed 118848K, reserved 1179648K
  class space    used 13912K, committed 14528K, reserved 1048576K
}
Event: 4653.073 GC heap after
{Heap after GC invocations=128 (full 14):
 garbage-first heap   total 156672K, used 58187K [0x0000000084200000, 0x0000000100000000)
  region size 1024K, 8 young (8192K), 8 survivors (8192K)
 Metaspace       used 117571K, committed 118848K, reserved 1179648K
  class space    used 13912K, committed 14528K, reserved 1048576K
}
Event: 4714.180 GC heap before
{Heap before GC invocations=129 (full 14):
 garbage-first heap   total 156672K, used 137035K [0x0000000084200000, 0x0000000100000000)
  region size 1024K, 86 young (88064K), 8 survivors (8192K)
 Metaspace       used 118161K, committed 119424K, reserved 1179648K
  class space    used 13960K, committed 14592K, reserved 1048576K
}
Event: 4714.223 GC heap after
{Heap after GC invocations=130 (full 14):
 garbage-first heap   total 156672K, used 60499K [0x0000000084200000, 0x0000000100000000)
  region size 1024K, 4 young (4096K), 4 survivors (4096K)
 Metaspace       used 118161K, committed 119424K, reserved 1179648K
  class space    used 13960K, committed 14592K, reserved 1048576K
}
Event: 4831.398 GC heap before
{Heap before GC invocations=130 (full 14):
 garbage-first heap   total 156672K, used 141395K [0x0000000084200000, 0x0000000100000000)
  region size 1024K, 83 young (84992K), 4 survivors (4096K)
 Metaspace       used 118161K, committed 119424K, reserved 1179648K
  class space    used 13960K, committed 14592K, reserved 1048576K
}
Event: 4831.429 GC heap after
{Heap after GC invocations=131 (full 14):
 garbage-first heap   total 156672K, used 60963K [0x0000000084200000, 0x0000000100000000)
  region size 1024K, 4 young (4096K), 4 survivors (4096K)
 Metaspace       used 118161K, committed 119424K, reserved 1179648K
  class space    used 13960K, committed 14592K, reserved 1048576K
}
Event: 4885.078 GC heap before
{Heap before GC invocations=131 (full 14):
 garbage-first heap   total 156672K, used 98851K [0x0000000084200000, 0x0000000100000000)
  region size 1024K, 42 young (43008K), 4 survivors (4096K)
 Metaspace       used 118164K, committed 119424K, reserved 1179648K
  class space    used 13960K, committed 14592K, reserved 1048576K
}
Event: 4886.220 GC heap after
{Heap after GC invocations=132 (full 15):
 garbage-first heap   total 156672K, used 49926K [0x0000000084200000, 0x0000000100000000)
  region size 1024K, 0 young (0K), 0 survivors (0K)
 Metaspace       used 118118K, committed 119424K, reserved 1179648K
  class space    used 13952K, committed 14592K, reserved 1048576K
}

